-- Install configuration: ""
-- Up-to-date: /home/jay/ros2_ws/src/AVONE_description/install/AVONE_description/share/AVONE_description//rviz
-- Up-to-date: /home/jay/ros2_ws/src/AVONE_description/install/AVONE_description/share/AVONE_description//rviz/quadruped.rviz
-- Up-to-date: /home/jay/ros2_ws/src/AVONE_description/install/AVONE_description/share/AVONE_description//launch
-- Up-to-date: /home/jay/ros2_ws/src/AVONE_description/install/AVONE_description/share/AVONE_description//launch/start_rviz.launch.py
-- Up-to-date: /home/jay/ros2_ws/src/AVONE_description/install/AVONE_description/share/AVONE_description//launch/AVONE.launch.py
-- Up-to-date: /home/jay/ros2_ws/src/AVONE_description/install/AVONE_description/share/AVONE_description//AVONE
-- Up-to-date: /home/jay/ros2_ws/src/AVONE_description/install/AVONE_description/share/AVONE_description//AVONE/robot.urdf.xacro
-- Up-to-date: /home/jay/ros2_ws/src/AVONE_description/install/AVONE_description/share/AVONE_description//AVONE/config.json
-- Up-to-date: /home/jay/ros2_ws/src/AVONE_description/install/AVONE_description/share/AVONE_description//AVONE/assets
-- Up-to-date: /home/jay/ros2_ws/src/AVONE_description/install/AVONE_description/share/AVONE_description//AVONE/assets/chassis.stl
-- Up-to-date: /home/jay/ros2_ws/src/AVONE_description/install/AVONE_description/share/AVONE_description//AVONE/assets/rear_wheel_hub.part
-- Up-to-date: /home/jay/ros2_ws/src/AVONE_description/install/AVONE_description/share/AVONE_description//AVONE/assets/front_suspension.part
-- Up-to-date: /home/jay/ros2_ws/src/AVONE_description/install/AVONE_description/share/AVONE_description//AVONE/assets/wheel.stl
-- Up-to-date: /home/jay/ros2_ws/src/AVONE_description/install/AVONE_description/share/AVONE_description//AVONE/assets/front_wheel_hub.stl
-- Up-to-date: /home/jay/ros2_ws/src/AVONE_description/install/AVONE_description/share/AVONE_description//AVONE/assets/rear_wheel_hub.stl
-- Up-to-date: /home/jay/ros2_ws/src/AVONE_description/install/AVONE_description/share/AVONE_description//AVONE/assets/front_suspension.stl
-- Up-to-date: /home/jay/ros2_ws/src/AVONE_description/install/AVONE_description/share/AVONE_description//AVONE/assets/rear_suspension.stl
-- Up-to-date: /home/jay/ros2_ws/src/AVONE_description/install/AVONE_description/share/AVONE_description//AVONE/assets/wheel.part
-- Up-to-date: /home/jay/ros2_ws/src/AVONE_description/install/AVONE_description/share/AVONE_description//AVONE/assets/rear_suspension.part
-- Up-to-date: /home/jay/ros2_ws/src/AVONE_description/install/AVONE_description/share/AVONE_description//AVONE/assets/front_wheel_hub.part
-- Up-to-date: /home/jay/ros2_ws/src/AVONE_description/install/AVONE_description/share/AVONE_description//AVONE/assets/chassis.part
-- Installing: /home/jay/ros2_ws/src/AVONE_description/install/AVONE_description/share/AVONE_description//AVONE/robot_core.xacro
-- Up-to-date: /home/jay/ros2_ws/src/AVONE_description/install/AVONE_description/share/ament_index/resource_index/package_run_dependencies/AVONE_description
-- Up-to-date: /home/jay/ros2_ws/src/AVONE_description/install/AVONE_description/share/ament_index/resource_index/parent_prefix_path/AVONE_description
-- Up-to-date: /home/jay/ros2_ws/src/AVONE_description/install/AVONE_description/share/AVONE_description/environment/ament_prefix_path.sh
-- Up-to-date: /home/jay/ros2_ws/src/AVONE_description/install/AVONE_description/share/AVONE_description/environment/ament_prefix_path.dsv
-- Up-to-date: /home/jay/ros2_ws/src/AVONE_description/install/AVONE_description/share/AVONE_description/environment/path.sh
-- Up-to-date: /home/jay/ros2_ws/src/AVONE_description/install/AVONE_description/share/AVONE_description/environment/path.dsv
-- Up-to-date: /home/jay/ros2_ws/src/AVONE_description/install/AVONE_description/share/AVONE_description/local_setup.bash
-- Up-to-date: /home/jay/ros2_ws/src/AVONE_description/install/AVONE_description/share/AVONE_description/local_setup.sh
-- Up-to-date: /home/jay/ros2_ws/src/AVONE_description/install/AVONE_description/share/AVONE_description/local_setup.zsh
-- Up-to-date: /home/jay/ros2_ws/src/AVONE_description/install/AVONE_description/share/AVONE_description/local_setup.dsv
-- Installing: /home/jay/ros2_ws/src/AVONE_description/install/AVONE_description/share/AVONE_description/package.dsv
-- Up-to-date: /home/jay/ros2_ws/src/AVONE_description/install/AVONE_description/share/ament_index/resource_index/packages/AVONE_description
-- Up-to-date: /home/jay/ros2_ws/src/AVONE_description/install/AVONE_description/share/AVONE_description/cmake/AVONE_descriptionConfig.cmake
-- Up-to-date: /home/jay/ros2_ws/src/AVONE_description/install/AVONE_description/share/AVONE_description/cmake/AVONE_descriptionConfig-version.cmake
-- Up-to-date: /home/jay/ros2_ws/src/AVONE_description/install/AVONE_description/share/AVONE_description/package.xml
