[0.065s] DEBUG:colcon:Command line arguments: ['/usr/bin/colcon', 'build', '--packages-select', 'AVONE_description']
[0.065s] DEBUG:colcon:Parsed command line arguments: Namespace(log_base=None, log_level=None, verb_name='build', build_base='build', install_base='install', merge_install=False, symlink_install=False, test_result_base=None, continue_on_error=False, executor='parallel', parallel_workers=32, event_handlers=None, ignore_user_meta=False, metas=['./colcon.meta'], base_paths=['.'], packages_ignore=None, packages_ignore_regex=None, paths=None, packages_up_to=None, packages_up_to_regex=None, packages_above=None, packages_above_and_dependencies=None, packages_above_depth=None, packages_select_by_dep=None, packages_skip_by_dep=None, packages_skip_up_to=None, packages_select_build_failed=False, packages_skip_build_finished=False, packages_select_test_failures=False, packages_skip_test_passed=False, packages_select=['AVONE_description'], packages_skip=None, packages_select_regex=None, packages_skip_regex=None, packages_start=None, packages_end=None, allow_overriding=[], cmake_args=None, cmake_target=None, cmake_target_skip_unavailable=False, cmake_clean_cache=False, cmake_clean_first=False, cmake_force_configure=False, ament_cmake_args=None, catkin_cmake_args=None, catkin_skip_building_tests=False, mixin_files=None, mixin=None, verb_parser=<colcon_mixin.mixin.mixin_argument.MixinArgumentDecorator object at 0x74219de52050>, verb_extension=<colcon_core.verb.build.BuildVerb object at 0x74219de51ab0>, main=<bound method BuildVerb.main of <colcon_core.verb.build.BuildVerb object at 0x74219de51ab0>>, mixin_verb=('build',))
[0.161s] Level 1:colcon.colcon_core.package_discovery:discover_packages(colcon_meta) check parameters
[0.161s] Level 1:colcon.colcon_core.package_discovery:discover_packages(recursive) check parameters
[0.161s] Level 1:colcon.colcon_core.package_discovery:discover_packages(ignore) check parameters
[0.161s] Level 1:colcon.colcon_core.package_discovery:discover_packages(path) check parameters
[0.162s] Level 1:colcon.colcon_core.package_discovery:discover_packages(colcon_meta) discover
[0.162s] Level 1:colcon.colcon_core.package_discovery:discover_packages(recursive) discover
[0.162s] INFO:colcon.colcon_core.package_discovery:Crawling recursively for packages in '/home/jay/ros2_ws/src/AVONE_description'
[0.162s] Level 1:colcon.colcon_core.package_identification:_identify(.) by extensions ['ignore', 'ignore_ament_install']
[0.162s] Level 1:colcon.colcon_core.package_identification:_identify(.) by extension 'ignore'
[0.162s] Level 1:colcon.colcon_core.package_identification:_identify(.) by extension 'ignore_ament_install'
[0.162s] Level 1:colcon.colcon_core.package_identification:_identify(.) by extensions ['colcon_pkg']
[0.162s] Level 1:colcon.colcon_core.package_identification:_identify(.) by extension 'colcon_pkg'
[0.162s] Level 1:colcon.colcon_core.package_identification:_identify(.) by extensions ['colcon_meta']
[0.162s] Level 1:colcon.colcon_core.package_identification:_identify(.) by extension 'colcon_meta'
[0.162s] Level 1:colcon.colcon_core.package_identification:_identify(.) by extensions ['ros']
[0.162s] Level 1:colcon.colcon_core.package_identification:_identify(.) by extension 'ros'
[0.170s] DEBUG:colcon.colcon_core.package_identification:Package '.' with type 'ros.ament_cmake' and name 'AVONE_description'
[0.170s] Level 1:colcon.colcon_core.package_discovery:discover_packages(recursive) using defaults
[0.170s] Level 1:colcon.colcon_core.package_discovery:discover_packages(ignore) discover
[0.170s] Level 1:colcon.colcon_core.package_discovery:discover_packages(ignore) using defaults
[0.170s] Level 1:colcon.colcon_core.package_discovery:discover_packages(path) discover
[0.170s] Level 1:colcon.colcon_core.package_discovery:discover_packages(path) using defaults
[0.188s] Level 1:colcon.colcon_core.package_discovery:discover_packages(prefix_path) check parameters
[0.188s] Level 1:colcon.colcon_core.package_discovery:discover_packages(prefix_path) discover
[0.189s] WARNING:colcon.colcon_core.prefix_path.colcon:The path '/home/jay/ros2_ws/src/AVONE/install' in the environment variable COLCON_PREFIX_PATH doesn't exist
[0.189s] WARNING:colcon.colcon_ros.prefix_path.ament:The path '/home/jay/ros2_ws/src/AVONE/install/AVONE' in the environment variable AMENT_PREFIX_PATH doesn't exist
[0.189s] WARNING:colcon.colcon_ros.prefix_path.ament:The path '/home/jay/ros2_ws/install/AVONE' in the environment variable AMENT_PREFIX_PATH doesn't exist
[0.189s] WARNING:colcon.colcon_ros.prefix_path.ament:The path '/home/jay/ros2_ws/install/articubot_one' in the environment variable AMENT_PREFIX_PATH doesn't exist
[0.189s] WARNING:colcon.colcon_ros.prefix_path.catkin:The path '/home/jay/ros2_ws/src/avone/install/AVONE' in the environment variable CMAKE_PREFIX_PATH doesn't exist
[0.189s] WARNING:colcon.colcon_ros.prefix_path.catkin:The path '/home/jay/ros2_ws/src/AVONE/install/AVONE' in the environment variable CMAKE_PREFIX_PATH doesn't exist
[0.189s] WARNING:colcon.colcon_ros.prefix_path.catkin:The path '/home/jay/ros2_ws/install/AVONE' in the environment variable CMAKE_PREFIX_PATH doesn't exist
[0.189s] WARNING:colcon.colcon_ros.prefix_path.catkin:The path '/home/jay/ros2_ws/install/articubot_one' in the environment variable CMAKE_PREFIX_PATH doesn't exist
[0.189s] DEBUG:colcon.colcon_installed_package_information.package_discovery:Found 1 installed packages in /home/jay/ros2_ws/src/AVONE_description/install
[0.189s] DEBUG:colcon.colcon_installed_package_information.package_discovery:Found 2 installed packages in /home/jay/ros2_ws/install
[0.190s] DEBUG:colcon.colcon_installed_package_information.package_discovery:Found 1 installed packages in /home/jay/ros2_ws/src/avone/install
[0.190s] DEBUG:colcon.colcon_installed_package_information.package_discovery:Found 288 installed packages in /opt/ros/humble
[0.191s] Level 1:colcon.colcon_core.package_discovery:discover_packages(prefix_path) using defaults
[0.213s] Level 5:colcon.colcon_core.verb:set package 'AVONE_description' build argument 'cmake_args' from command line to 'None'
[0.213s] Level 5:colcon.colcon_core.verb:set package 'AVONE_description' build argument 'cmake_target' from command line to 'None'
[0.213s] Level 5:colcon.colcon_core.verb:set package 'AVONE_description' build argument 'cmake_target_skip_unavailable' from command line to 'False'
[0.213s] Level 5:colcon.colcon_core.verb:set package 'AVONE_description' build argument 'cmake_clean_cache' from command line to 'False'
[0.213s] Level 5:colcon.colcon_core.verb:set package 'AVONE_description' build argument 'cmake_clean_first' from command line to 'False'
[0.213s] Level 5:colcon.colcon_core.verb:set package 'AVONE_description' build argument 'cmake_force_configure' from command line to 'False'
[0.213s] Level 5:colcon.colcon_core.verb:set package 'AVONE_description' build argument 'ament_cmake_args' from command line to 'None'
[0.213s] Level 5:colcon.colcon_core.verb:set package 'AVONE_description' build argument 'catkin_cmake_args' from command line to 'None'
[0.213s] Level 5:colcon.colcon_core.verb:set package 'AVONE_description' build argument 'catkin_skip_building_tests' from command line to 'False'
[0.213s] DEBUG:colcon.colcon_core.verb:Building package 'AVONE_description' with the following arguments: {'ament_cmake_args': None, 'build_base': '/home/jay/ros2_ws/src/AVONE_description/build/AVONE_description', 'catkin_cmake_args': None, 'catkin_skip_building_tests': False, 'cmake_args': None, 'cmake_clean_cache': False, 'cmake_clean_first': False, 'cmake_force_configure': False, 'cmake_target': None, 'cmake_target_skip_unavailable': False, 'install_base': '/home/jay/ros2_ws/src/AVONE_description/install/AVONE_description', 'merge_install': False, 'path': '/home/jay/ros2_ws/src/AVONE_description', 'symlink_install': False, 'test_result_base': None}
[0.214s] INFO:colcon.colcon_core.executor:Executing jobs using 'parallel' executor
[0.214s] DEBUG:colcon.colcon_parallel_executor.executor.parallel:run_until_complete
[0.215s] INFO:colcon.colcon_ros.task.ament_cmake.build:Building ROS package in '/home/jay/ros2_ws/src/AVONE_description' with build type 'ament_cmake'
[0.215s] INFO:colcon.colcon_cmake.task.cmake.build:Building CMake package in '/home/jay/ros2_ws/src/AVONE_description'
[0.216s] INFO:colcon.colcon_core.plugin_system:Skipping extension 'colcon_core.shell.bat': Not used on non-Windows systems
[0.216s] INFO:colcon.colcon_core.shell:Skip shell extension 'powershell' for command environment: Not usable outside of PowerShell
[0.216s] DEBUG:colcon.colcon_core.shell:Skip shell extension 'dsv' for command environment
[0.222s] DEBUG:colcon.colcon_core.event_handler.log_command:Invoking command in '/home/jay/ros2_ws/src/AVONE_description/build/AVONE_description': CMAKE_PREFIX_PATH=${CMAKE_PREFIX_PATH}:/opt/ros/humble /usr/bin/cmake --build /home/jay/ros2_ws/src/AVONE_description/build/AVONE_description -- -j32 -l32
[0.266s] DEBUG:colcon.colcon_core.event_handler.log_command:Invoked command in '/home/jay/ros2_ws/src/AVONE_description/build/AVONE_description' returned '0': CMAKE_PREFIX_PATH=${CMAKE_PREFIX_PATH}:/opt/ros/humble /usr/bin/cmake --build /home/jay/ros2_ws/src/AVONE_description/build/AVONE_description -- -j32 -l32
[0.277s] DEBUG:colcon.colcon_core.event_handler.log_command:Invoking command in '/home/jay/ros2_ws/src/AVONE_description/build/AVONE_description': CMAKE_PREFIX_PATH=${CMAKE_PREFIX_PATH}:/opt/ros/humble /usr/bin/cmake --install /home/jay/ros2_ws/src/AVONE_description/build/AVONE_description
[0.289s] Level 1:colcon.colcon_core.environment:create_environment_scripts_only(AVONE_description)
[0.293s] Level 1:colcon.colcon_core.environment:checking '/home/jay/ros2_ws/src/AVONE_description/install/AVONE_description' for CMake module files
[0.294s] Level 1:colcon.colcon_core.environment:checking '/home/jay/ros2_ws/src/AVONE_description/install/AVONE_description' for CMake config files
[0.294s] DEBUG:colcon.colcon_core.event_handler.log_command:Invoked command in '/home/jay/ros2_ws/src/AVONE_description/build/AVONE_description' returned '0': CMAKE_PREFIX_PATH=${CMAKE_PREFIX_PATH}:/opt/ros/humble /usr/bin/cmake --install /home/jay/ros2_ws/src/AVONE_description/build/AVONE_description
[0.295s] Level 1:colcon.colcon_core.shell:create_environment_hook('AVONE_description', 'cmake_prefix_path')
[0.295s] INFO:colcon.colcon_core.shell:Creating environment hook '/home/jay/ros2_ws/src/AVONE_description/install/AVONE_description/share/AVONE_description/hook/cmake_prefix_path.ps1'
[0.296s] INFO:colcon.colcon_core.shell:Creating environment descriptor '/home/jay/ros2_ws/src/AVONE_description/install/AVONE_description/share/AVONE_description/hook/cmake_prefix_path.dsv'
[0.296s] INFO:colcon.colcon_core.shell:Creating environment hook '/home/jay/ros2_ws/src/AVONE_description/install/AVONE_description/share/AVONE_description/hook/cmake_prefix_path.sh'
[0.297s] Level 1:colcon.colcon_core.environment:checking '/home/jay/ros2_ws/src/AVONE_description/install/AVONE_description/bin'
[0.297s] Level 1:colcon.colcon_core.environment:checking '/home/jay/ros2_ws/src/AVONE_description/install/AVONE_description/lib/pkgconfig/AVONE_description.pc'
[0.297s] Level 1:colcon.colcon_core.environment:checking '/home/jay/ros2_ws/src/AVONE_description/install/AVONE_description/lib/python3.10/site-packages'
[0.298s] Level 1:colcon.colcon_core.environment:checking '/home/jay/ros2_ws/src/AVONE_description/install/AVONE_description/bin'
[0.298s] INFO:colcon.colcon_core.shell:Creating package script '/home/jay/ros2_ws/src/AVONE_description/install/AVONE_description/share/AVONE_description/package.ps1'
[0.299s] INFO:colcon.colcon_core.shell:Creating package descriptor '/home/jay/ros2_ws/src/AVONE_description/install/AVONE_description/share/AVONE_description/package.dsv'
[0.299s] INFO:colcon.colcon_core.shell:Creating package script '/home/jay/ros2_ws/src/AVONE_description/install/AVONE_description/share/AVONE_description/package.sh'
[0.300s] INFO:colcon.colcon_core.shell:Creating package script '/home/jay/ros2_ws/src/AVONE_description/install/AVONE_description/share/AVONE_description/package.bash'
[0.300s] INFO:colcon.colcon_core.shell:Creating package script '/home/jay/ros2_ws/src/AVONE_description/install/AVONE_description/share/AVONE_description/package.zsh'
[0.301s] Level 1:colcon.colcon_core.environment:create_file_with_runtime_dependencies(/home/jay/ros2_ws/src/AVONE_description/install/AVONE_description/share/colcon-core/packages/AVONE_description)
[0.301s] Level 1:colcon.colcon_core.environment:create_environment_scripts_only(AVONE_description)
[0.301s] Level 1:colcon.colcon_core.environment:checking '/home/jay/ros2_ws/src/AVONE_description/install/AVONE_description' for CMake module files
[0.302s] Level 1:colcon.colcon_core.environment:checking '/home/jay/ros2_ws/src/AVONE_description/install/AVONE_description' for CMake config files
[0.302s] Level 1:colcon.colcon_core.shell:create_environment_hook('AVONE_description', 'cmake_prefix_path')
[0.302s] INFO:colcon.colcon_core.shell:Creating environment hook '/home/jay/ros2_ws/src/AVONE_description/install/AVONE_description/share/AVONE_description/hook/cmake_prefix_path.ps1'
[0.302s] INFO:colcon.colcon_core.shell:Creating environment descriptor '/home/jay/ros2_ws/src/AVONE_description/install/AVONE_description/share/AVONE_description/hook/cmake_prefix_path.dsv'
[0.303s] INFO:colcon.colcon_core.shell:Creating environment hook '/home/jay/ros2_ws/src/AVONE_description/install/AVONE_description/share/AVONE_description/hook/cmake_prefix_path.sh'
[0.303s] Level 1:colcon.colcon_core.environment:checking '/home/jay/ros2_ws/src/AVONE_description/install/AVONE_description/bin'
[0.303s] Level 1:colcon.colcon_core.environment:checking '/home/jay/ros2_ws/src/AVONE_description/install/AVONE_description/lib/pkgconfig/AVONE_description.pc'
[0.303s] Level 1:colcon.colcon_core.environment:checking '/home/jay/ros2_ws/src/AVONE_description/install/AVONE_description/lib/python3.10/site-packages'
[0.304s] Level 1:colcon.colcon_core.environment:checking '/home/jay/ros2_ws/src/AVONE_description/install/AVONE_description/bin'
[0.304s] INFO:colcon.colcon_core.shell:Creating package script '/home/jay/ros2_ws/src/AVONE_description/install/AVONE_description/share/AVONE_description/package.ps1'
[0.304s] INFO:colcon.colcon_core.shell:Creating package descriptor '/home/jay/ros2_ws/src/AVONE_description/install/AVONE_description/share/AVONE_description/package.dsv'
[0.305s] INFO:colcon.colcon_core.shell:Creating package script '/home/jay/ros2_ws/src/AVONE_description/install/AVONE_description/share/AVONE_description/package.sh'
[0.305s] INFO:colcon.colcon_core.shell:Creating package script '/home/jay/ros2_ws/src/AVONE_description/install/AVONE_description/share/AVONE_description/package.bash'
[0.305s] INFO:colcon.colcon_core.shell:Creating package script '/home/jay/ros2_ws/src/AVONE_description/install/AVONE_description/share/AVONE_description/package.zsh'
[0.306s] Level 1:colcon.colcon_core.environment:create_file_with_runtime_dependencies(/home/jay/ros2_ws/src/AVONE_description/install/AVONE_description/share/colcon-core/packages/AVONE_description)
[0.306s] DEBUG:colcon.colcon_parallel_executor.executor.parallel:closing loop
[0.306s] DEBUG:colcon.colcon_parallel_executor.executor.parallel:loop closed
[0.306s] DEBUG:colcon.colcon_parallel_executor.executor.parallel:run_until_complete finished with '0'
[0.306s] DEBUG:colcon.colcon_core.event_reactor:joining thread
[0.312s] INFO:colcon.colcon_core.plugin_system:Skipping extension 'colcon_notification.desktop_notification.terminal_notifier': Not used on non-Darwin systems
[0.312s] INFO:colcon.colcon_core.plugin_system:Skipping extension 'colcon_notification.desktop_notification.win32': Not used on non-Windows systems
[0.312s] INFO:colcon.colcon_notification.desktop_notification:Sending desktop notification using 'notify2'
[0.329s] DEBUG:colcon.colcon_core.event_reactor:joined thread
[0.330s] INFO:colcon.colcon_core.shell:Creating prefix script '/home/jay/ros2_ws/src/AVONE_description/install/local_setup.ps1'
[0.330s] INFO:colcon.colcon_core.shell:Creating prefix util module '/home/jay/ros2_ws/src/AVONE_description/install/_local_setup_util_ps1.py'
[0.331s] INFO:colcon.colcon_core.shell:Creating prefix chain script '/home/jay/ros2_ws/src/AVONE_description/install/setup.ps1'
[0.332s] INFO:colcon.colcon_core.shell:Creating prefix script '/home/jay/ros2_ws/src/AVONE_description/install/local_setup.sh'
[0.333s] INFO:colcon.colcon_core.shell:Creating prefix util module '/home/jay/ros2_ws/src/AVONE_description/install/_local_setup_util_sh.py'
[0.333s] INFO:colcon.colcon_core.shell:Creating prefix chain script '/home/jay/ros2_ws/src/AVONE_description/install/setup.sh'
[0.334s] INFO:colcon.colcon_core.shell:Creating prefix script '/home/jay/ros2_ws/src/AVONE_description/install/local_setup.bash'
[0.335s] INFO:colcon.colcon_core.shell:Creating prefix chain script '/home/jay/ros2_ws/src/AVONE_description/install/setup.bash'
[0.336s] INFO:colcon.colcon_core.shell:Creating prefix script '/home/jay/ros2_ws/src/AVONE_description/install/local_setup.zsh'
[0.336s] INFO:colcon.colcon_core.shell:Creating prefix chain script '/home/jay/ros2_ws/src/AVONE_description/install/setup.zsh'
